Using pre-set license
Built from '2020.2/staging' branch; Version is '2020.2.6f1 (8a2143876886) revision 9052483'; Using compiler version '192528614'; Build Type 'Release'
OS: 'Windows 10 Pro; OS build 18363.1440; Version 1909; 64bit' Language: 'pt' Physical Memory: 14267 MB
BatchMode: 1, IsHumanControllingUs: 0, StartBugReporterOnCrash: 0, Is64bit: 1, IsPro: 0

 COMMAND LINE ARGUMENTS:
C:\Program Files\Unity\Hub\Editor\2020.2.6f1\Editor\Unity.exe
-adb2
-batchMode
-noUpm
-name
AssetImportWorker1
-projectPath
D:/Unity/Gm/Game JAAJ
-logFile
Logs/AssetImportWorker1.log
-srvPort
56359
Successfully changed project path to: D:/Unity/Gm/Game JAAJ
D:/Unity/Gm/Game JAAJ
Using Asset Import Pipeline V2.
Refreshing native plugins compatible for Editor in 41.70 ms, found 1 plugins.
Preloading 0 native plugins for Editor in 0.00 ms.
Initialize engine version: 2020.2.6f1 (8a2143876886)
[Subsystems] Discovering subsystems at path C:/Program Files/Unity/Hub/Editor/2020.2.6f1/Editor/Data/Resources/UnitySubsystems
[Subsystems] Discovering subsystems at path D:/Unity/Gm/Game JAAJ/Assets
GfxDevice: creating device client; threaded=0
Direct3D:
    Version:  Direct3D 11.0 [level 11.1]
    Renderer: NVIDIA GeForce GTX 1050 Ti (ID=0x1c82)
    Vendor:   
    VRAM:     4018 MB
    Driver:   27.21.14.5671
Initialize mono
Mono path[0] = 'C:/Program Files/Unity/Hub/Editor/2020.2.6f1/Editor/Data/Managed'
Mono path[1] = 'C:/Program Files/Unity/Hub/Editor/2020.2.6f1/Editor/Data/MonoBleedingEdge/lib/mono/unityjit'
Mono config path = 'C:/Program Files/Unity/Hub/Editor/2020.2.6f1/Editor/Data/MonoBleedingEdge/etc'
Using monoOptions --debugger-agent=transport=dt_socket,embedding=1,server=y,suspend=n,address=127.0.0.1:56976
Begin MonoManager ReloadAssembly
Registering precompiled unity dll's ...
Register platform support module: C:/Program Files/Unity/Hub/Editor/2020.2.6f1/Editor/Data/PlaybackEngines/MacStandaloneSupport/UnityEditor.OSXStandalone.Extensions.dll
Register platform support module: C:/Program Files/Unity/Hub/Editor/2020.2.6f1/Editor/Data/PlaybackEngines/WindowsStandaloneSupport/UnityEditor.WindowsStandalone.Extensions.dll
Registered in 0.003303 seconds.
Native extension for WindowsStandalone target not found
Native extension for OSXStandalone target not found
Refreshing native plugins compatible for Editor in 42.99 ms, found 1 plugins.
Preloading 0 native plugins for Editor in 0.00 ms.
Invoked RoslynAnalysisRunner static constructor.
RoslynAnalysisRunner will not be running.
RoslynAnalysisRunner has terminated.
Mono: successfully reloaded assembly
- Completed reload, in  2.066 seconds
Platform modules already initialized, skipping
Registering precompiled user dll's ...
Registered in 0.000988 seconds.
Begin MonoManager ReloadAssembly
Native extension for WindowsStandalone target not found
Native extension for OSXStandalone target not found
Refreshing native plugins compatible for Editor in 45.69 ms, found 1 plugins.
Preloading 0 native plugins for Editor in 0.00 ms.
Invoked RoslynAnalysisRunner static constructor.
RoslynAnalysisRunner will not be running.
RoslynAnalysisRunner has terminated.
Mono: successfully reloaded assembly
- Completed reload, in  1.220 seconds
Platform modules already initialized, skipping
========================================================================
Worker process is ready to serve import requests
Launched and connected shader compiler UnityShaderCompiler.exe after 0.06 seconds
Refreshing native plugins compatible for Editor in 0.65 ms, found 1 plugins.
Preloading 0 native plugins for Editor in 0.00 ms.
Unloading 1802 Unused Serialized files (Serialized files now loaded: 0)
System memory in use before: 84.7 MB.
System memory in use after: 84.7 MB.

Unloading 23 unused Assets to reduce memory usage. Loaded Objects now: 2246.
Total: 3.834400 ms (FindLiveObjects: 0.320500 ms CreateObjectMapping: 0.066300 ms MarkObjects: 3.265000 ms  DeleteObjects: 0.180100 ms)

========================================================================
Received Import Request.
  path: Assets/Scenes/SampleScene.unity
  artifactKey: Guid(2cda990e2423bbf4892e6590ba056729) Importer(815301076,1909f56bfc062723c751e8b465ee728b)
Start importing Assets/Scenes/SampleScene.unity using Guid(2cda990e2423bbf4892e6590ba056729) Importer(815301076,1909f56bfc062723c751e8b465ee728b)  -> (artifact id: '4b18a7d4f4fd75fb810a4e4b5339261f') in 0.041196 seconds
  Import took 0.045252 seconds .

========================================================================
Received Import Request.
  Time since last request: 214.004907 seconds.
  path: Assets/Scenes/EnemyTest.unity
  artifactKey: Guid(f5a09c28c169b9c4aab3906bfb897f03) Importer(815301076,1909f56bfc062723c751e8b465ee728b)
Start importing Assets/Scenes/EnemyTest.unity using Guid(f5a09c28c169b9c4aab3906bfb897f03) Importer(815301076,1909f56bfc062723c751e8b465ee728b)  -> (artifact id: 'a7f9cc3260f7c060e0fc36a84939405c') in 0.010713 seconds
  Import took 0.014054 seconds .

========================================================================
Received Prepare
Registering precompiled user dll's ...
Registered in 0.001001 seconds.
Begin MonoManager ReloadAssembly
Native extension for WindowsStandalone target not found
Native extension for OSXStandalone target not found
Refreshing native plugins compatible for Editor in 0.48 ms, found 1 plugins.
Preloading 0 native plugins for Editor in 0.00 ms.
Invoked RoslynAnalysisRunner static constructor.
RoslynAnalysisRunner will not be running.
RoslynAnalysisRunner has terminated.
Mono: successfully reloaded assembly
- Completed reload, in  1.014 seconds
Platform modules already initialized, skipping
Refreshing native plugins compatible for Editor in 0.60 ms, found 1 plugins.
Preloading 0 native plugins for Editor in 0.00 ms.
Unloading 1796 Unused Serialized files (Serialized files now loaded: 0)
System memory in use before: 84.6 MB.
System memory in use after: 84.7 MB.

Unloading 11 unused Assets to reduce memory usage. Loaded Objects now: 2249.
Total: 2.916700 ms (FindLiveObjects: 0.398400 ms CreateObjectMapping: 0.177100 ms MarkObjects: 2.215800 ms  DeleteObjects: 0.123900 ms)

========================================================================
Received Prepare
Registering precompiled user dll's ...
Registered in 0.000877 seconds.
Begin MonoManager ReloadAssembly
Native extension for WindowsStandalone target not found
Native extension for OSXStandalone target not found
Refreshing native plugins compatible for Editor in 0.58 ms, found 1 plugins.
Preloading 0 native plugins for Editor in 0.00 ms.
Invoked RoslynAnalysisRunner static constructor.
RoslynAnalysisRunner will not be running.
RoslynAnalysisRunner has terminated.
Mono: successfully reloaded assembly
- Completed reload, in  0.946 seconds
Platform modules already initialized, skipping
Refreshing native plugins compatible for Editor in 0.37 ms, found 1 plugins.
Preloading 0 native plugins for Editor in 0.00 ms.
Unloading 1796 Unused Serialized files (Serialized files now loaded: 0)
System memory in use before: 84.7 MB.
System memory in use after: 84.7 MB.

Unloading 11 unused Assets to reduce memory usage. Loaded Objects now: 2252.
Total: 2.304700 ms (FindLiveObjects: 0.218800 ms CreateObjectMapping: 0.041800 ms MarkObjects: 1.930500 ms  DeleteObjects: 0.112100 ms)

========================================================================
Received Prepare
Registering precompiled user dll's ...
Registered in 0.000962 seconds.
Begin MonoManager ReloadAssembly
Native extension for WindowsStandalone target not found
Native extension for OSXStandalone target not found
Refreshing native plugins compatible for Editor in 0.39 ms, found 1 plugins.
Preloading 0 native plugins for Editor in 0.00 ms.
Invoked RoslynAnalysisRunner static constructor.
RoslynAnalysisRunner will not be running.
RoslynAnalysisRunner has terminated.
Mono: successfully reloaded assembly
- Completed reload, in  1.021 seconds
Platform modules already initialized, skipping
Refreshing native plugins compatible for Editor in 0.54 ms, found 1 plugins.
Preloading 0 native plugins for Editor in 0.00 ms.
Unloading 1796 Unused Serialized files (Serialized files now loaded: 0)
System memory in use before: 84.7 MB.
System memory in use after: 84.7 MB.

Unloading 11 unused Assets to reduce memory usage. Loaded Objects now: 2255.
Total: 3.044700 ms (FindLiveObjects: 0.304400 ms CreateObjectMapping: 0.066700 ms MarkObjects: 2.539600 ms  DeleteObjects: 0.132300 ms)

========================================================================
Received Prepare
Registering precompiled user dll's ...
Registered in 0.000903 seconds.
Begin MonoManager ReloadAssembly
Native extension for WindowsStandalone target not found
Native extension for OSXStandalone target not found
Refreshing native plugins compatible for Editor in 0.55 ms, found 1 plugins.
Preloading 0 native plugins for Editor in 0.00 ms.
Invoked RoslynAnalysisRunner static constructor.
RoslynAnalysisRunner will not be running.
RoslynAnalysisRunner has terminated.
Mono: successfully reloaded assembly
- Completed reload, in  1.037 seconds
Platform modules already initialized, skipping
Refreshing native plugins compatible for Editor in 0.37 ms, found 1 plugins.
Preloading 0 native plugins for Editor in 0.00 ms.
Unloading 1796 Unused Serialized files (Serialized files now loaded: 0)
System memory in use before: 84.7 MB.
System memory in use after: 84.7 MB.

Unloading 11 unused Assets to reduce memory usage. Loaded Objects now: 2258.
Total: 2.469100 ms (FindLiveObjects: 0.219300 ms CreateObjectMapping: 0.051700 ms MarkObjects: 2.072700 ms  DeleteObjects: 0.123900 ms)

========================================================================
Received Import Request.
  Time since last request: 984.469658 seconds.
  path: ProjectSettings/TagManager.asset
  artifactKey: Guid(00000000000000003000000000000000) Importer(815301076,1909f56bfc062723c751e8b465ee728b)
Start importing ProjectSettings/TagManager.asset using Guid(00000000000000003000000000000000) Importer(815301076,1909f56bfc062723c751e8b465ee728b)  -> (artifact id: 'ec61eb2c9fb968eade26db41212b7f0a') in 0.041164 seconds
  Import took 0.045706 seconds .

========================================================================
Received Prepare
Registering precompiled user dll's ...
Registered in 0.000939 seconds.
Begin MonoManager ReloadAssembly
Native extension for WindowsStandalone target not found
Native extension for OSXStandalone target not found
Refreshing native plugins compatible for Editor in 0.38 ms, found 1 plugins.
Preloading 0 native plugins for Editor in 0.00 ms.
Invoked RoslynAnalysisRunner static constructor.
RoslynAnalysisRunner will not be running.
RoslynAnalysisRunner has terminated.
Mono: successfully reloaded assembly
- Completed reload, in  1.057 seconds
Platform modules already initialized, skipping
Refreshing native plugins compatible for Editor in 0.38 ms, found 1 plugins.
Preloading 0 native plugins for Editor in 0.00 ms.
Unloading 1796 Unused Serialized files (Serialized files now loaded: 0)
System memory in use before: 84.7 MB.
System memory in use after: 84.7 MB.

Unloading 12 unused Assets to reduce memory usage. Loaded Objects now: 2261.
Total: 2.511000 ms (FindLiveObjects: 0.224000 ms CreateObjectMapping: 0.049700 ms MarkObjects: 2.114000 ms  DeleteObjects: 0.121700 ms)

========================================================================
Received Import Request.
  Time since last request: 151.524298 seconds.
  path: Assets/Prefabs/SlimeBoss.prefab
  artifactKey: Guid(6ce48377b20ed4a43ade343d98fbe28b) Importer(815301076,1909f56bfc062723c751e8b465ee728b)
Start importing Assets/Prefabs/SlimeBoss.prefab using Guid(6ce48377b20ed4a43ade343d98fbe28b) Importer(815301076,1909f56bfc062723c751e8b465ee728b)  -> (artifact id: '62162daa2cf486c63c1f09adc4311dc2') in 0.166874 seconds
  Import took 0.171157 seconds .

========================================================================
Received Import Request.
  Time since last request: 8.922079 seconds.
  path: Assets/Prefabs/SlimeBoss.prefab
  artifactKey: Guid(6ce48377b20ed4a43ade343d98fbe28b) Importer(815301076,1909f56bfc062723c751e8b465ee728b)
Start importing Assets/Prefabs/SlimeBoss.prefab using Guid(6ce48377b20ed4a43ade343d98fbe28b) Importer(815301076,1909f56bfc062723c751e8b465ee728b)  -> (artifact id: '652d4530df2ebc62515923837248e619') in 0.022555 seconds
  Import took 0.065042 seconds .

========================================================================
Received Import Request.
  Time since last request: 3.959965 seconds.
  path: Assets/Prefabs/Bullet.prefab
  artifactKey: Guid(22c3047273e353a4abafce1026087309) Importer(815301076,1909f56bfc062723c751e8b465ee728b)
Start importing Assets/Prefabs/Bullet.prefab using Guid(22c3047273e353a4abafce1026087309) Importer(815301076,1909f56bfc062723c751e8b465ee728b)  -> (artifact id: '8caddc0a059f4599acee9c1c2ac3a742') in 0.015967 seconds
  Import took 0.027962 seconds .

========================================================================
Received Prepare
Registering precompiled user dll's ...
Registered in 0.000841 seconds.
Begin MonoManager ReloadAssembly
Native extension for WindowsStandalone target not found
Native extension for OSXStandalone target not found
Refreshing native plugins compatible for Editor in 0.61 ms, found 1 plugins.
Preloading 0 native plugins for Editor in 0.00 ms.
Invoked RoslynAnalysisRunner static constructor.
RoslynAnalysisRunner will not be running.
RoslynAnalysisRunner has terminated.
Mono: successfully reloaded assembly
- Completed reload, in  0.989 seconds
Platform modules already initialized, skipping
Refreshing native plugins compatible for Editor in 0.38 ms, found 1 plugins.
Preloading 0 native plugins for Editor in 0.00 ms.
Unloading 1796 Unused Serialized files (Serialized files now loaded: 0)
System memory in use before: 87.9 MB.
System memory in use after: 87.9 MB.

Unloading 13 unused Assets to reduce memory usage. Loaded Objects now: 2271.
Total: 2.726500 ms (FindLiveObjects: 0.220800 ms CreateObjectMapping: 0.050200 ms MarkObjects: 2.293500 ms  DeleteObjects: 0.160600 ms)

========================================================================
Received Prepare
Registering precompiled user dll's ...
Registered in 0.001697 seconds.
Begin MonoManager ReloadAssembly
Native extension for WindowsStandalone target not found
Native extension for OSXStandalone target not found
Refreshing native plugins compatible for Editor in 0.41 ms, found 1 plugins.
Preloading 0 native plugins for Editor in 0.00 ms.
Invoked RoslynAnalysisRunner static constructor.
RoslynAnalysisRunner will not be running.
RoslynAnalysisRunner has terminated.
Mono: successfully reloaded assembly
- Completed reload, in  0.991 seconds
Platform modules already initialized, skipping
Refreshing native plugins compatible for Editor in 0.56 ms, found 1 plugins.
Preloading 0 native plugins for Editor in 0.00 ms.
Unloading 1796 Unused Serialized files (Serialized files now loaded: 0)
System memory in use before: 87.9 MB.
System memory in use after: 87.9 MB.

Unloading 11 unused Assets to reduce memory usage. Loaded Objects now: 2274.
Total: 3.001200 ms (FindLiveObjects: 0.217400 ms CreateObjectMapping: 0.043400 ms MarkObjects: 2.619700 ms  DeleteObjects: 0.119000 ms)

========================================================================
Received Import Request.
  Time since last request: 149.460874 seconds.
  path: Assets/Art/ArtPlayer/idle_horroviel.png
  artifactKey: Guid(f719e683619faaa43a3343f65c3cd74c) Importer(815301076,1909f56bfc062723c751e8b465ee728b)
Start importing Assets/Art/ArtPlayer/idle_horroviel.png using Guid(f719e683619faaa43a3343f65c3cd74c) Importer(815301076,1909f56bfc062723c751e8b465ee728b)  -> (artifact id: '0057d0d5e5c0f6a09a2fd7e95ee7ffb2') in 0.105934 seconds
  Import took 0.169758 seconds .

========================================================================
Received Import Request.
  Time since last request: 56.532741 seconds.
  path: Assets/Art/ArtPlayer/idle_horroviel.png
  artifactKey: Guid(f719e683619faaa43a3343f65c3cd74c) Importer(815301076,1909f56bfc062723c751e8b465ee728b)
Start importing Assets/Art/ArtPlayer/idle_horroviel.png using Guid(f719e683619faaa43a3343f65c3cd74c) Importer(815301076,1909f56bfc062723c751e8b465ee728b)  -> (artifact id: '155d879650d36692a62f8a9b1614def4') in 0.022424 seconds
  Import took 0.026303 seconds .

========================================================================
Received Import Request.
  Time since last request: 0.008718 seconds.
  path: Assets/Art/ArtPlayer/idle_horroviel.png
  artifactKey: Guid(f719e683619faaa43a3343f65c3cd74c) Importer(815301076,1909f56bfc062723c751e8b465ee728b)
Start importing Assets/Art/ArtPlayer/idle_horroviel.png using Guid(f719e683619faaa43a3343f65c3cd74c) Importer(815301076,1909f56bfc062723c751e8b465ee728b)  -> (artifact id: '155d879650d36692a62f8a9b1614def4') in 0.015813 seconds
  Import took 0.020316 seconds .

========================================================================
Received Import Request.
  Time since last request: 227.825423 seconds.
  path: Assets/Art/ArtPlayer/idle_horroviel.png
  artifactKey: Guid(f719e683619faaa43a3343f65c3cd74c) Importer(815301076,1909f56bfc062723c751e8b465ee728b)
Start importing Assets/Art/ArtPlayer/idle_horroviel.png using Guid(f719e683619faaa43a3343f65c3cd74c) Importer(815301076,1909f56bfc062723c751e8b465ee728b)  -> (artifact id: '48c8a8d77190615b160992f57642599a') in 0.045254 seconds
  Import took 0.066026 seconds .

========================================================================
Received Import Request.
  Time since last request: 65.674750 seconds.
  path: Assets/Animators/AnimatorPlayer
  artifactKey: Guid(4876921943896064493a1e00c73b41d8) Importer(815301076,1909f56bfc062723c751e8b465ee728b)
Start importing Assets/Animators/AnimatorPlayer using Guid(4876921943896064493a1e00c73b41d8) Importer(815301076,1909f56bfc062723c751e8b465ee728b)  -> (artifact id: 'a3101bacb80a228f28ea59974e0eba83') in 0.012420 seconds
  Import took 0.030931 seconds .

========================================================================
Received Prepare
Registering precompiled user dll's ...
Registered in 0.001412 seconds.
Begin MonoManager ReloadAssembly
Native extension for WindowsStandalone target not found
Native extension for OSXStandalone target not found
Refreshing native plugins compatible for Editor in 0.57 ms, found 1 plugins.
Preloading 0 native plugins for Editor in 0.00 ms.
Invoked RoslynAnalysisRunner static constructor.
RoslynAnalysisRunner will not be running.
RoslynAnalysisRunner has terminated.
Mono: successfully reloaded assembly
- Completed reload, in  0.944 seconds
Platform modules already initialized, skipping
Refreshing native plugins compatible for Editor in 0.43 ms, found 1 plugins.
Preloading 0 native plugins for Editor in 0.00 ms.
Unloading 1796 Unused Serialized files (Serialized files now loaded: 0)
System memory in use before: 87.9 MB.
System memory in use after: 87.9 MB.

Unloading 11 unused Assets to reduce memory usage. Loaded Objects now: 2287.
Total: 3.088500 ms (FindLiveObjects: 0.437000 ms CreateObjectMapping: 0.049000 ms MarkObjects: 2.468900 ms  DeleteObjects: 0.131500 ms)

========================================================================
Received Import Request.
  Time since last request: 103.892658 seconds.
  path: Assets/Art/ArtPlayer/idle_horroviel.png
  artifactKey: Guid(f719e683619faaa43a3343f65c3cd74c) Importer(815301076,1909f56bfc062723c751e8b465ee728b)
Start importing Assets/Art/ArtPlayer/idle_horroviel.png using Guid(f719e683619faaa43a3343f65c3cd74c) Importer(815301076,1909f56bfc062723c751e8b465ee728b)  -> (artifact id: '38c2adf704ce30ba83455bd0292cee90') in 0.072934 seconds
  Import took 0.076317 seconds .

========================================================================
Received Import Request.
  Time since last request: 6.153165 seconds.
  path: Assets/Art/ArtPlayer/idle_horroviel.png
  artifactKey: Guid(f719e683619faaa43a3343f65c3cd74c) Importer(815301076,1909f56bfc062723c751e8b465ee728b)
Start importing Assets/Art/ArtPlayer/idle_horroviel.png using Guid(f719e683619faaa43a3343f65c3cd74c) Importer(815301076,1909f56bfc062723c751e8b465ee728b)  -> (artifact id: 'e9050cdb06ae44156a0691d32cb85690') in 0.034863 seconds
  Import took 0.048316 seconds .

========================================================================
Received Prepare
Registering precompiled user dll's ...
Registered in 0.001369 seconds.
Begin MonoManager ReloadAssembly
Native extension for WindowsStandalone target not found
Native extension for OSXStandalone target not found
Refreshing native plugins compatible for Editor in 1.19 ms, found 1 plugins.
Preloading 0 native plugins for Editor in 0.00 ms.
Invoked RoslynAnalysisRunner static constructor.
RoslynAnalysisRunner will not be running.
RoslynAnalysisRunner has terminated.
Mono: successfully reloaded assembly
- Completed reload, in  1.080 seconds
Platform modules already initialized, skipping
Refreshing native plugins compatible for Editor in 0.57 ms, found 1 plugins.
Preloading 0 native plugins for Editor in 0.00 ms.
Unloading 1796 Unused Serialized files (Serialized files now loaded: 0)
System memory in use before: 87.9 MB.
System memory in use after: 87.9 MB.

Unloading 11 unused Assets to reduce memory usage. Loaded Objects now: 2291.
Total: 4.513200 ms (FindLiveObjects: 0.307700 ms CreateObjectMapping: 0.049200 ms MarkObjects: 3.841100 ms  DeleteObjects: 0.311500 ms)

========================================================================
Received Prepare
Registering precompiled user dll's ...
Registered in 0.000908 seconds.
Begin MonoManager ReloadAssembly
Native extension for WindowsStandalone target not found
Native extension for OSXStandalone target not found
Refreshing native plugins compatible for Editor in 0.62 ms, found 1 plugins.
Preloading 0 native plugins for Editor in 0.00 ms.
Invoked RoslynAnalysisRunner static constructor.
RoslynAnalysisRunner will not be running.
RoslynAnalysisRunner has terminated.
Mono: successfully reloaded assembly
- Completed reload, in  0.983 seconds
Platform modules already initialized, skipping
Refreshing native plugins compatible for Editor in 0.39 ms, found 1 plugins.
Preloading 0 native plugins for Editor in 0.00 ms.
Unloading 1796 Unused Serialized files (Serialized files now loaded: 0)
System memory in use before: 87.9 MB.
System memory in use after: 87.9 MB.

Unloading 11 unused Assets to reduce memory usage. Loaded Objects now: 2294.
Total: 2.599700 ms (FindLiveObjects: 0.242100 ms CreateObjectMapping: 0.051800 ms MarkObjects: 2.178200 ms  DeleteObjects: 0.125600 ms)

========================================================================
Received Prepare
Registering precompiled user dll's ...
Registered in 0.085659 seconds.
Begin MonoManager ReloadAssembly
Native extension for WindowsStandalone target not found
Native extension for OSXStandalone target not found
Refreshing native plugins compatible for Editor in 0.39 ms, found 1 plugins.
Preloading 0 native plugins for Editor in 0.00 ms.
Invoked RoslynAnalysisRunner static constructor.
RoslynAnalysisRunner will not be running.
RoslynAnalysisRunner has terminated.
Mono: successfully reloaded assembly
- Completed reload, in  1.023 seconds
Platform modules already initialized, skipping
Refreshing native plugins compatible for Editor in 0.38 ms, found 1 plugins.
Preloading 0 native plugins for Editor in 0.00 ms.
Unloading 1796 Unused Serialized files (Serialized files now loaded: 0)
System memory in use before: 87.9 MB.
System memory in use after: 88.0 MB.

Unloading 11 unused Assets to reduce memory usage. Loaded Objects now: 2297.
Total: 2.413400 ms (FindLiveObjects: 0.211600 ms CreateObjectMapping: 0.041100 ms MarkObjects: 2.047500 ms  DeleteObjects: 0.112000 ms)

========================================================================
Received Prepare
Registering precompiled user dll's ...
Registered in 0.001202 seconds.
Begin MonoManager ReloadAssembly
Native extension for WindowsStandalone target not found
Native extension for OSXStandalone target not found
Refreshing native plugins compatible for Editor in 0.74 ms, found 1 plugins.
Preloading 0 native plugins for Editor in 0.00 ms.
Invoked RoslynAnalysisRunner static constructor.
RoslynAnalysisRunner will not be running.
RoslynAnalysisRunner has terminated.
Mono: successfully reloaded assembly
- Completed reload, in  0.981 seconds
Platform modules already initialized, skipping
Refreshing native plugins compatible for Editor in 0.41 ms, found 1 plugins.
Preloading 0 native plugins for Editor in 0.00 ms.
Unloading 1796 Unused Serialized files (Serialized files now loaded: 0)
System memory in use before: 87.9 MB.
System memory in use after: 88.0 MB.

Unloading 11 unused Assets to reduce memory usage. Loaded Objects now: 2300.
Total: 2.317200 ms (FindLiveObjects: 0.229200 ms CreateObjectMapping: 0.053900 ms MarkObjects: 1.919200 ms  DeleteObjects: 0.113300 ms)

========================================================================
Received Prepare
Registering precompiled user dll's ...
Registered in 0.000843 seconds.
Begin MonoManager ReloadAssembly
Native extension for WindowsStandalone target not found
Native extension for OSXStandalone target not found
Refreshing native plugins compatible for Editor in 0.39 ms, found 1 plugins.
Preloading 0 native plugins for Editor in 0.00 ms.
Invoked RoslynAnalysisRunner static constructor.
RoslynAnalysisRunner will not be running.
RoslynAnalysisRunner has terminated.
Mono: successfully reloaded assembly
- Completed reload, in  0.936 seconds
Platform modules already initialized, skipping
Refreshing native plugins compatible for Editor in 0.44 ms, found 1 plugins.
Preloading 0 native plugins for Editor in 0.00 ms.
Unloading 1796 Unused Serialized files (Serialized files now loaded: 0)
System memory in use before: 87.9 MB.
System memory in use after: 88.0 MB.

Unloading 11 unused Assets to reduce memory usage. Loaded Objects now: 2303.
Total: 2.366000 ms (FindLiveObjects: 0.208600 ms CreateObjectMapping: 0.040800 ms MarkObjects: 2.007400 ms  DeleteObjects: 0.107500 ms)

========================================================================
Received Prepare
Registering precompiled user dll's ...
Registered in 0.000890 seconds.
Begin MonoManager ReloadAssembly
Native extension for WindowsStandalone target not found
Native extension for OSXStandalone target not found
Refreshing native plugins compatible for Editor in 0.40 ms, found 1 plugins.
Preloading 0 native plugins for Editor in 0.00 ms.
Invoked RoslynAnalysisRunner static constructor.
RoslynAnalysisRunner will not be running.
RoslynAnalysisRunner has terminated.
Mono: successfully reloaded assembly
- Completed reload, in  0.949 seconds
Platform modules already initialized, skipping
Refreshing native plugins compatible for Editor in 0.42 ms, found 1 plugins.
Preloading 0 native plugins for Editor in 0.00 ms.
Unloading 1796 Unused Serialized files (Serialized files now loaded: 0)
System memory in use before: 88.0 MB.
System memory in use after: 88.0 MB.

Unloading 11 unused Assets to reduce memory usage. Loaded Objects now: 2306.
Total: 3.011200 ms (FindLiveObjects: 0.224500 ms CreateObjectMapping: 0.043200 ms MarkObjects: 2.560000 ms  DeleteObjects: 0.181900 ms)

========================================================================
Received Prepare
Registering precompiled user dll's ...
Registered in 0.001003 seconds.
Begin MonoManager ReloadAssembly
Native extension for WindowsStandalone target not found
Native extension for OSXStandalone target not found
Refreshing native plugins compatible for Editor in 0.47 ms, found 1 plugins.
Preloading 0 native plugins for Editor in 0.00 ms.
Invoked RoslynAnalysisRunner static constructor.
RoslynAnalysisRunner will not be running.
RoslynAnalysisRunner has terminated.
Mono: successfully reloaded assembly
- Completed reload, in  0.926 seconds
Platform modules already initialized, skipping
Refreshing native plugins compatible for Editor in 0.43 ms, found 1 plugins.
Preloading 0 native plugins for Editor in 0.00 ms.
Unloading 1796 Unused Serialized files (Serialized files now loaded: 0)
System memory in use before: 88.0 MB.
System memory in use after: 88.0 MB.

Unloading 11 unused Assets to reduce memory usage. Loaded Objects now: 2309.
Total: 2.464200 ms (FindLiveObjects: 0.310800 ms CreateObjectMapping: 0.079100 ms MarkObjects: 1.960500 ms  DeleteObjects: 0.112400 ms)

========================================================================
Received Prepare
Registering precompiled user dll's ...
Registered in 0.000830 seconds.
Begin MonoManager ReloadAssembly
Native extension for WindowsStandalone target not found
Native extension for OSXStandalone target not found
Refreshing native plugins compatible for Editor in 0.67 ms, found 1 plugins.
Preloading 0 native plugins for Editor in 0.00 ms.
Invoked RoslynAnalysisRunner static constructor.
RoslynAnalysisRunner will not be running.
RoslynAnalysisRunner has terminated.
Mono: successfully reloaded assembly
- Completed reload, in  0.988 seconds
Platform modules already initialized, skipping
Refreshing native plugins compatible for Editor in 0.66 ms, found 1 plugins.
Preloading 0 native plugins for Editor in 0.00 ms.
Unloading 1796 Unused Serialized files (Serialized files now loaded: 0)
System memory in use before: 88.0 MB.
System memory in use after: 88.0 MB.

Unloading 11 unused Assets to reduce memory usage. Loaded Objects now: 2312.
Total: 2.360100 ms (FindLiveObjects: 0.253800 ms CreateObjectMapping: 0.046200 ms MarkObjects: 1.937900 ms  DeleteObjects: 0.120300 ms)

========================================================================
Received Prepare
Registering precompiled user dll's ...
Registered in 0.001088 seconds.
Begin MonoManager ReloadAssembly
Native extension for WindowsStandalone target not found
Native extension for OSXStandalone target not found
Refreshing native plugins compatible for Editor in 0.42 ms, found 1 plugins.
Preloading 0 native plugins for Editor in 0.00 ms.
Invoked RoslynAnalysisRunner static constructor.
RoslynAnalysisRunner will not be running.
RoslynAnalysisRunner has terminated.
Mono: successfully reloaded assembly
- Completed reload, in  0.940 seconds
Platform modules already initialized, skipping
Refreshing native plugins compatible for Editor in 0.38 ms, found 1 plugins.
Preloading 0 native plugins for Editor in 0.00 ms.
Unloading 1796 Unused Serialized files (Serialized files now loaded: 0)
System memory in use before: 88.0 MB.
System memory in use after: 88.0 MB.

Unloading 11 unused Assets to reduce memory usage. Loaded Objects now: 2315.
Total: 2.175600 ms (FindLiveObjects: 0.205300 ms CreateObjectMapping: 0.041100 ms MarkObjects: 1.817300 ms  DeleteObjects: 0.110700 ms)

========================================================================
Received Prepare
Registering precompiled user dll's ...
Registered in 0.001074 seconds.
Begin MonoManager ReloadAssembly
Native extension for WindowsStandalone target not found
Native extension for OSXStandalone target not found
Refreshing native plugins compatible for Editor in 0.50 ms, found 1 plugins.
Preloading 0 native plugins for Editor in 0.00 ms.
Invoked RoslynAnalysisRunner static constructor.
RoslynAnalysisRunner will not be running.
RoslynAnalysisRunner has terminated.
Mono: successfully reloaded assembly
- Completed reload, in  1.197 seconds
Platform modules already initialized, skipping
Refreshing native plugins compatible for Editor in 0.75 ms, found 1 plugins.
Preloading 0 native plugins for Editor in 0.00 ms.
Unloading 1796 Unused Serialized files (Serialized files now loaded: 0)
System memory in use before: 88.0 MB.
System memory in use after: 88.0 MB.

Unloading 11 unused Assets to reduce memory usage. Loaded Objects now: 2318.
Total: 4.187800 ms (FindLiveObjects: 0.371300 ms CreateObjectMapping: 0.103500 ms MarkObjects: 3.560400 ms  DeleteObjects: 0.150800 ms)

========================================================================
Received Import Request.
  Time since last request: 3744.789833 seconds.
  path: Assets/Art/ArtPlayer/WalkAnim
  artifactKey: Guid(b4c26de5a4199824ebcaeb917a88eb48) Importer(815301076,1909f56bfc062723c751e8b465ee728b)
Start importing Assets/Art/ArtPlayer/WalkAnim using Guid(b4c26de5a4199824ebcaeb917a88eb48) Importer(815301076,1909f56bfc062723c751e8b465ee728b)  -> (artifact id: '8c15ba4b58b402d08fc97922bac3170c') in 0.013721 seconds
  Import took 0.017214 seconds .

========================================================================
Received Import Request.
  Time since last request: 1.626522 seconds.
  path: Assets/Art/ArtPlayer/WalkAnim/walk1.png
  artifactKey: Guid(e5a6985bbfa65984396147b31f364ef7) Importer(815301076,1909f56bfc062723c751e8b465ee728b)
Start importing Assets/Art/ArtPlayer/WalkAnim/walk1.png using Guid(e5a6985bbfa65984396147b31f364ef7) Importer(815301076,1909f56bfc062723c751e8b465ee728b)  -> (artifact id: '0db1709d6a2be91bc5ce789d5f4787ca') in 0.116219 seconds
  Import took 0.119998 seconds .

========================================================================
Received Import Request.
  Time since last request: 20.501608 seconds.
  path: Assets/Art/ArtPlayer/WalkAnim/walk4.png
  artifactKey: Guid(62f3911c5bc4cd94dafd1c35d143776b) Importer(815301076,1909f56bfc062723c751e8b465ee728b)
Start importing Assets/Art/ArtPlayer/WalkAnim/walk4.png using Guid(62f3911c5bc4cd94dafd1c35d143776b) Importer(815301076,1909f56bfc062723c751e8b465ee728b)  -> (artifact id: 'ec169a85c10a59f3e07d39bc944529db') in 0.049094 seconds
  Import took 0.052433 seconds .

========================================================================
Received Import Request.
  Time since last request: 40.361052 seconds.
  path: Assets/Art/ArtPlayer/idle_horroviel.png
  artifactKey: Guid(f719e683619faaa43a3343f65c3cd74c) Importer(815301076,1909f56bfc062723c751e8b465ee728b)
Start importing Assets/Art/ArtPlayer/idle_horroviel.png using Guid(f719e683619faaa43a3343f65c3cd74c) Importer(815301076,1909f56bfc062723c751e8b465ee728b)  -> (artifact id: '9147139f575c269f717bbaa45005160d') in 0.086214 seconds
  Import took 0.101281 seconds .

========================================================================
Received Import Request.
  Time since last request: 6.320309 seconds.
  path: Assets/Art/ArtPlayer/idle_horroviel.png
  artifactKey: Guid(f719e683619faaa43a3343f65c3cd74c) Importer(815301076,1909f56bfc062723c751e8b465ee728b)
Start importing Assets/Art/ArtPlayer/idle_horroviel.png using Guid(f719e683619faaa43a3343f65c3cd74c) Importer(815301076,1909f56bfc062723c751e8b465ee728b)  -> (artifact id: '3235f1ad9a4950c67248158e5139dd59') in 0.045010 seconds
  Import took 0.048900 seconds .

========================================================================
Received Import Request.
  Time since last request: 163.747017 seconds.
  path: Assets/Animators/AnimatorPlayer/Walk.anim
  artifactKey: Guid(e06327b0df204d245b7ec089324bd62d) Importer(815301076,1909f56bfc062723c751e8b465ee728b)
Start importing Assets/Animators/AnimatorPlayer/Walk.anim using Guid(e06327b0df204d245b7ec089324bd62d) Importer(815301076,1909f56bfc062723c751e8b465ee728b)  -> (artifact id: '3162c56ccdaa61aab820e7c627eac8fb') in 0.012512 seconds
  Import took 0.015951 seconds .

========================================================================
Received Import Request.
  Time since last request: 1.795962 seconds.
  path: Assets/Animators/AnimatorPlayer/idle.anim
  artifactKey: Guid(188d882dc89c5e44e8a68c48e5abce04) Importer(815301076,1909f56bfc062723c751e8b465ee728b)
Start importing Assets/Animators/AnimatorPlayer/idle.anim using Guid(188d882dc89c5e44e8a68c48e5abce04) Importer(815301076,1909f56bfc062723c751e8b465ee728b)  -> (artifact id: '78e844813a3828bc83ed93c1030c3de1') in 0.018904 seconds
  Import took 0.023097 seconds .

========================================================================
Received Import Request.
  Time since last request: 0.002107 seconds.
  path: Assets/Animators/AnimatorPlayer/idle.anim
  artifactKey: Guid(188d882dc89c5e44e8a68c48e5abce04) Importer(815301076,1909f56bfc062723c751e8b465ee728b)
Start importing Assets/Animators/AnimatorPlayer/idle.anim using Guid(188d882dc89c5e44e8a68c48e5abce04) Importer(815301076,1909f56bfc062723c751e8b465ee728b)  -> (artifact id: '78e844813a3828bc83ed93c1030c3de1') in 0.003350 seconds
  Import took 0.006620 seconds .

========================================================================
Received Import Request.
  Time since last request: 0.753932 seconds.
  path: Assets/Animators/AnimatorPlayer/Player.controller
  artifactKey: Guid(b2529e8acea74d64aa5cbcafa97c0793) Importer(815301076,1909f56bfc062723c751e8b465ee728b)
Start importing Assets/Animators/AnimatorPlayer/Player.controller using Guid(b2529e8acea74d64aa5cbcafa97c0793) Importer(815301076,1909f56bfc062723c751e8b465ee728b)  -> (artifact id: '45808724d38a6ffafe25025c087e42ca') in 0.012108 seconds
  Import took 0.015174 seconds .

========================================================================
Received Prepare
Registering precompiled user dll's ...
Registered in 0.000982 seconds.
Begin MonoManager ReloadAssembly
Native extension for WindowsStandalone target not found
Native extension for OSXStandalone target not found
Refreshing native plugins compatible for Editor in 0.38 ms, found 1 plugins.
Preloading 0 native plugins for Editor in 0.00 ms.
Invoked RoslynAnalysisRunner static constructor.
RoslynAnalysisRunner will not be running.
RoslynAnalysisRunner has terminated.
Mono: successfully reloaded assembly
- Completed reload, in  1.053 seconds
Platform modules already initialized, skipping
Refreshing native plugins compatible for Editor in 0.39 ms, found 1 plugins.
Preloading 0 native plugins for Editor in 0.00 ms.
Unloading 1796 Unused Serialized files (Serialized files now loaded: 0)
System memory in use before: 88.0 MB.
System memory in use after: 88.1 MB.

Unloading 11 unused Assets to reduce memory usage. Loaded Objects now: 2324.
Total: 2.742000 ms (FindLiveObjects: 0.278300 ms CreateObjectMapping: 0.054300 ms MarkObjects: 2.280600 ms  DeleteObjects: 0.127200 ms)

AssetImportWorkerClient::OnTransportError - code=2 error=End of file
